<?xml version="1.0" encoding="UTF-8"?>
<!-- Generated by org.testng.reporters.JUnitXMLReporter -->
<testsuite hostname="PUN-2CBXJC2" ignored="0" name="Default test" tests="4" failures="0" timestamp="14 Apr 2017 04:46:06 GMT" time="8.391" errors="0">
  <testcase name="testLogin" time="4.487" classname="com.org.PageObjectModel.MyPOMProject.DC4PREPRODTest"/>
  <testcase name="clickOnDC4Tab" time="3.125" classname="com.org.PageObjectModel.MyPOMProject.DC4PREPRODTest"/>
  <testcase name="typeCompanyNameInTextBox" time="0.192" classname="com.org.PageObjectModel.MyPOMProject.DC4PREPRODTest"/>
  <testcase name="clickOnSearchButton" time="0.553" classname="com.org.PageObjectModel.MyPOMProject.DC4PREPRODTest"/>
</testsuite> <!-- Default test -->
