<?xml version="1.0" encoding="UTF-8"?>
<testng-results skipped="0" failed="0" ignored="0" total="4" passed="4">
  <reporter-output>
  </reporter-output>
  <suite name="Default suite" duration-ms="8391" started-at="2017-04-14T04:45:58Z" finished-at="2017-04-14T04:46:06Z">
    <groups>
    </groups>
    <test name="Default test" duration-ms="8391" started-at="2017-04-14T04:45:58Z" finished-at="2017-04-14T04:46:06Z">
      <class name="com.org.PageObjectModel.MyPOMProject.DC4PREPRODTest">
        <test-method status="PASS" signature="openBrowser()[pri:0, instance:com.org.PageObjectModel.MyPOMProject.DC4PREPRODTest@266374ef]" name="openBrowser" is-config="true" duration-ms="4" started-at="2017-04-14T10:15:58Z" finished-at="2017-04-14T10:15:58Z">
          <reporter-output>
          </reporter-output>
        </test-method> <!-- openBrowser -->
        <test-method status="PASS" signature="testLogin()[pri:1, instance:com.org.PageObjectModel.MyPOMProject.DC4PREPRODTest@266374ef]" name="testLogin" duration-ms="4487" started-at="2017-04-14T10:15:58Z" finished-at="2017-04-14T10:16:02Z">
          <reporter-output>
          </reporter-output>
        </test-method> <!-- testLogin -->
        <test-method status="PASS" signature="openBrowser()[pri:0, instance:com.org.PageObjectModel.MyPOMProject.DC4PREPRODTest@266374ef]" name="openBrowser" is-config="true" duration-ms="1" started-at="2017-04-14T10:16:02Z" finished-at="2017-04-14T10:16:02Z">
          <reporter-output>
          </reporter-output>
        </test-method> <!-- openBrowser -->
        <test-method status="PASS" signature="clickOnDC4Tab()[pri:2, instance:com.org.PageObjectModel.MyPOMProject.DC4PREPRODTest@266374ef]" name="clickOnDC4Tab" duration-ms="3125" started-at="2017-04-14T10:16:02Z" finished-at="2017-04-14T10:16:05Z">
          <reporter-output>
          </reporter-output>
        </test-method> <!-- clickOnDC4Tab -->
        <test-method status="PASS" signature="openBrowser()[pri:0, instance:com.org.PageObjectModel.MyPOMProject.DC4PREPRODTest@266374ef]" name="openBrowser" is-config="true" duration-ms="1" started-at="2017-04-14T10:16:05Z" finished-at="2017-04-14T10:16:05Z">
          <reporter-output>
          </reporter-output>
        </test-method> <!-- openBrowser -->
        <test-method status="PASS" signature="typeCompanyNameInTextBox()[pri:3, instance:com.org.PageObjectModel.MyPOMProject.DC4PREPRODTest@266374ef]" name="typeCompanyNameInTextBox" duration-ms="192" started-at="2017-04-14T10:16:05Z" finished-at="2017-04-14T10:16:05Z">
          <reporter-output>
          </reporter-output>
        </test-method> <!-- typeCompanyNameInTextBox -->
        <test-method status="PASS" signature="openBrowser()[pri:0, instance:com.org.PageObjectModel.MyPOMProject.DC4PREPRODTest@266374ef]" name="openBrowser" is-config="true" duration-ms="0" started-at="2017-04-14T10:16:05Z" finished-at="2017-04-14T10:16:05Z">
          <reporter-output>
          </reporter-output>
        </test-method> <!-- openBrowser -->
        <test-method status="PASS" signature="clickOnSearchButton()[pri:4, instance:com.org.PageObjectModel.MyPOMProject.DC4PREPRODTest@266374ef]" name="clickOnSearchButton" duration-ms="553" started-at="2017-04-14T10:16:05Z" finished-at="2017-04-14T10:16:06Z">
          <reporter-output>
          </reporter-output>
        </test-method> <!-- clickOnSearchButton -->
      </class> <!-- com.org.PageObjectModel.MyPOMProject.DC4PREPRODTest -->
    </test> <!-- Default test -->
  </suite> <!-- Default suite -->
</testng-results>
